.......F.........
======================================================================
FAIL: test_default_mode_requires_plan_and_patch_commands (test_self_improve_external_requirements.SelfImproveExternalRequirementTests.test_default_mode_requires_plan_and_patch_commands)
----------------------------------------------------------------------
Traceback (most recent call last):
  File "D:\.c_projects\adc\ctcp\tests\test_self_improve_external_requirements.py", line 116, in test_default_mode_requires_plan_and_patch_commands
    self.assertNotEqual(proc.returncode, 0)
AssertionError: 0 == 0

----------------------------------------------------------------------
Ran 17 tests in 5.245s

FAILED (failures=1)
