{
  "run_id": "20260220-102119-682220",
  "phase": "stop",
  "round": 1,
  "artifacts": {
    "run_dir": "runs/adlc_self_improve_core/20260220-102119-682220",
    "analysis": "outbox/analysis.md",
    "context": "outbox/CONTEXT.md",
    "constraints": "outbox/CONSTRAINTS.md",
    "fix_brief": "outbox/FIX_BRIEF.md",
    "plan": "outbox/PLAN.md",
    "patch": "diff.patch",
    "verify_stdout": "logs/verify_stdout.txt",
    "verify_stderr": "logs/verify_stderr.txt",
    "contract_review": "reviews/contract_review.json"
  },
  "last_verify": {
    "rc": 1,
    "paths": {
      "stdout": "logs/verify_stdout.txt",
      "stderr": "logs/verify_stderr.txt"
    },
    "summary": "\n.......F.........\n======================================================================\nFAIL: test_default_mode_requires_plan_and_patch_commands (test_self_improve_external_requirements.SelfImproveExternalRequirementTests.test_default_mode_requires_plan_and_patch_commands)\n----------------------------------------------------------------------\nTraceback (most recent call last):\n  File \"D:\\.c_projects\\adc\\ctcp\\tests\\test_self_improve_external_requirements.py\", line 116, in test_default_mode_requires_plan_and_patch_commands\n    self.assertNotEqual(proc.returncode, 0)\nAssertionError: 0 == 0\n\n----------------------------------------------------------------------\nRan 17 tests in 5.245s\n\nFAILED (failures=1)\n"
  },
  "last_error": "max_rounds reached without verify pass",
  "timestamps": {
    "created_at": "2026-02-20T10:21:19",
    "updated_at": "2026-02-20T10:21:26"
  }
}
